<?xml version="1.0" encoding="UTF-8"?>
<!-- Generated by org.testng.reporters.JUnitReportReporter -->
<testsuite skipped="0" hostname="VUI-20-149L4M" name="TestSuites.ReferralChallenge.TestListChallenge" tests="1" failures="0" timestamp="2021-03-29T15:09:48 ICT" time="5.497" errors="0">
  <testcase name="TestCase01_TextBoxIsDisplayed" time="5.497" classname="TestSuites.ReferralChallenge.TestListChallenge"/>
  <system-out/>
</testsuite> <!-- TestSuites.ReferralChallenge.TestListChallenge -->
