<?xml version="1.0" encoding="UTF-8"?>
<!-- Generated by org.testng.reporters.JUnitReportReporter -->
<testsuite skipped="0" hostname="VUI-20-149L4M" name="TestSuites.ReferralChallenge.TestListRefChallenge" tests="1" failures="0" timestamp="2021-03-31T14:28:49 ICT" time="9.563" errors="0">
  <testcase name="TestCase01_TextBoxIsDisplayed" time="9.563" classname="TestSuites.ReferralChallenge.TestListRefChallenge"/>
  <system-out/>
</testsuite> <!-- TestSuites.ReferralChallenge.TestListRefChallenge -->
